12:04:18.280 [main] INFO  - Goto my account-->Click on Login
12:04:18.789 [main] INFO  - Entering Email and Password
12:04:19.024 [main] INFO  - Clicked on login button
15:29:21.439 [main] INFO  - Goto my account-->Click on Login
15:29:21.900 [main] INFO  - Entering Email and Password
15:29:22.124 [main] INFO  - Clicked on login button
16:29:46.878 [main] INFO  - Goto my account-->Click on Login
16:29:51.069 [main] INFO  - Goto my account-->Click on Login
17:29:54.884 [main] INFO  - Goto my account-->Click on Login
17:29:55.444 [main] DEBUG - Parsing relationship: /xl/_rels/workbook.xml.rels
17:29:55.448 [main] DEBUG - Parsing relationship: /xl/worksheets/_rels/sheet1.xml.rels
17:29:55.451 [main] DEBUG - Parsing relationship: /_rels/.rels
17:29:55.582 [main] TRACE - Loading type system org.apache.poi.schemas.ooxml.system.ooxml
17:29:55.585 [main] TRACE - Loading type system org.apache.xmlbeans.metadata.system.sXMLCONFIG
17:29:55.586 [main] TRACE - Loading type system org.apache.xmlbeans.metadata.system.sXMLLANG
17:29:55.586 [main] TRACE - Loading type system org.apache.xmlbeans.metadata.system.sXMLSCHEMA
17:29:55.586 [main] TRACE - Loading type system org.apache.xmlbeans.metadata.system.sXMLTOOLS
17:29:55.587 [main] TRACE - Reading unresolved handles for type system org.apache.xmlbeans.metadata.system.sXMLTOOLS
17:29:55.594 [main] TRACE - Finished loading type system org.apache.xmlbeans.metadata.system.sXMLTOOLS
17:29:55.595 [main] TRACE - Reading unresolved handles for type system org.apache.xmlbeans.metadata.system.sXMLSCHEMA
17:29:55.601 [main] TRACE - Finished loading type system org.apache.xmlbeans.metadata.system.sXMLSCHEMA
17:29:55.601 [main] TRACE - Reading unresolved handles for type system org.apache.xmlbeans.metadata.system.sXMLLANG
17:29:55.602 [main] TRACE - Finished loading type system org.apache.xmlbeans.metadata.system.sXMLLANG
17:29:55.603 [main] TRACE - Reading unresolved handles for type system org.apache.xmlbeans.metadata.system.sXMLCONFIG
17:29:55.603 [main] TRACE - Finished loading type system org.apache.xmlbeans.metadata.system.sXMLCONFIG
17:29:55.605 [main] TRACE - Reading unresolved handles for type system org.apache.poi.schemas.ooxml.system.ooxml
17:29:55.648 [main] TRACE - Finished loading type system org.apache.poi.schemas.ooxml.system.ooxml
17:29:55.649 [main] TRACE - Resolving type for handle themefd26doctype
17:29:55.693 [main] TRACE - Resolving type for handle stylesheet5d8bdoctype
17:29:55.698 [main] TRACE - Resolving type for handle ctstylesheet4257type
17:29:55.701 [main] TRACE - Resolving type for handle ctfonts6623type
17:29:55.704 [main] TRACE - Resolving type for handle ctfont14d8type
17:29:55.708 [main] TRACE - Resolving type for handle ctfills2c6ftype
17:29:55.708 [main] TRACE - Resolving type for handle ctfill550ctype
17:29:55.710 [main] TRACE - Resolving type for handle ctborders0d66type
17:29:55.712 [main] TRACE - Resolving type for handle ctborderf935type
17:29:55.715 [main] TRACE - Resolving type for handle ctcellxfs1322type
17:29:55.718 [main] TRACE - Resolving type for handle ctxf97f7type
17:29:55.721 [main] TRACE - Resolving type for handle ctcellstylexfsa81ftype
17:29:55.723 [main] TRACE - Resolving type for handle ctdxfsb26atype
17:29:55.726 [main] TRACE - Resolving type for handle cttablestyles872ftype
17:29:55.729 [main] TRACE - Resolving type for handle sstf81fdoctype
17:29:55.735 [main] TRACE - Resolving type for handle ctsst44f3type
17:29:55.743 [main] TRACE - Resolving type for handle ctrsta472type
17:29:55.760 [main] DEBUG - using default POIXMLDocumentPart for http://schemas.openxmlformats.org/officeDocument/2006/relationships/printerSettings
17:29:55.761 [main] TRACE - Resolving type for handle workbookec17doctype
17:29:55.766 [main] TRACE - Resolving type for handle ctworkbook83c3type
17:29:55.771 [main] TRACE - Resolving type for handle ctsheets49fdtype
17:29:55.774 [main] TRACE - Resolving type for handle ctsheet4dbetype
17:29:55.775 [main] TRACE - Resolving type for handle strelationshipid1e94type
17:29:55.777 [main] TRACE - Resolving type for handle worksheetf539doctype
17:29:55.784 [main] TRACE - Resolving type for handle ctworksheet530dtype
17:29:55.795 [main] TRACE - Resolving type for handle ctcols627ctype
17:29:55.799 [main] TRACE - Resolving type for handle ctcola95ftype
17:29:55.814 [main] TRACE - Resolving type for handle ctsheetdata8408type
17:29:55.816 [main] TRACE - Resolving type for handle ctrowdd39type
17:29:55.822 [main] TRACE - Resolving type for handle ctcell842btype
17:29:55.828 [main] TRACE - Resolving type for handle stcellrefe4e0type
17:29:55.832 [main] TRACE - Resolving type for handle cthyperlinks6416type
17:29:55.834 [main] TRACE - Resolving type for handle cthyperlink0c85type
17:29:55.843 [main] TRACE - Resolving type for handle stxstringf179type
17:29:55.845 [main] TRACE - Resolving type for handle stcelltypebf95type
17:30:00.037 [main] INFO  - Goto my account-->Click on Login
17:30:00.754 [main] DEBUG - Parsing relationship: /xl/_rels/workbook.xml.rels
17:30:00.755 [main] DEBUG - Parsing relationship: /xl/worksheets/_rels/sheet1.xml.rels
17:30:00.756 [main] DEBUG - Parsing relationship: /_rels/.rels
17:30:00.790 [main] DEBUG - using default POIXMLDocumentPart for http://schemas.openxmlformats.org/officeDocument/2006/relationships/printerSettings
17:30:04.904 [main] INFO  - Goto my account-->Click on Login
17:30:05.401 [main] DEBUG - Parsing relationship: /xl/_rels/workbook.xml.rels
17:30:05.404 [main] DEBUG - Parsing relationship: /xl/worksheets/_rels/sheet1.xml.rels
17:30:05.405 [main] DEBUG - Parsing relationship: /_rels/.rels
17:30:05.450 [main] DEBUG - using default POIXMLDocumentPart for http://schemas.openxmlformats.org/officeDocument/2006/relationships/printerSettings
17:45:49.317 [main] INFO  - Goto my account-->Click on Login
17:45:49.973 [main] DEBUG - Parsing relationship: /xl/_rels/workbook.xml.rels
17:45:49.976 [main] DEBUG - Parsing relationship: /xl/worksheets/_rels/sheet1.xml.rels
17:45:49.979 [main] DEBUG - Parsing relationship: /_rels/.rels
17:45:50.188 [main] TRACE - Loading type system org.apache.poi.schemas.ooxml.system.ooxml
17:45:50.191 [main] TRACE - Loading type system org.apache.xmlbeans.metadata.system.sXMLCONFIG
17:45:50.193 [main] TRACE - Loading type system org.apache.xmlbeans.metadata.system.sXMLLANG
17:45:50.194 [main] TRACE - Loading type system org.apache.xmlbeans.metadata.system.sXMLSCHEMA
17:45:50.194 [main] TRACE - Loading type system org.apache.xmlbeans.metadata.system.sXMLTOOLS
17:45:50.195 [main] TRACE - Reading unresolved handles for type system org.apache.xmlbeans.metadata.system.sXMLTOOLS
17:45:50.211 [main] TRACE - Finished loading type system org.apache.xmlbeans.metadata.system.sXMLTOOLS
17:45:50.212 [main] TRACE - Reading unresolved handles for type system org.apache.xmlbeans.metadata.system.sXMLSCHEMA
17:45:50.224 [main] TRACE - Finished loading type system org.apache.xmlbeans.metadata.system.sXMLSCHEMA
17:45:50.225 [main] TRACE - Reading unresolved handles for type system org.apache.xmlbeans.metadata.system.sXMLLANG
17:45:50.226 [main] TRACE - Finished loading type system org.apache.xmlbeans.metadata.system.sXMLLANG
17:45:50.227 [main] TRACE - Reading unresolved handles for type system org.apache.xmlbeans.metadata.system.sXMLCONFIG
17:45:50.230 [main] TRACE - Finished loading type system org.apache.xmlbeans.metadata.system.sXMLCONFIG
17:45:50.231 [main] TRACE - Reading unresolved handles for type system org.apache.poi.schemas.ooxml.system.ooxml
17:45:50.338 [main] TRACE - Finished loading type system org.apache.poi.schemas.ooxml.system.ooxml
17:45:50.339 [main] TRACE - Resolving type for handle themefd26doctype
17:45:50.411 [main] TRACE - Resolving type for handle stylesheet5d8bdoctype
17:45:50.421 [main] TRACE - Resolving type for handle ctstylesheet4257type
17:45:50.426 [main] TRACE - Resolving type for handle ctfonts6623type
17:45:50.431 [main] TRACE - Resolving type for handle ctfont14d8type
17:45:50.439 [main] TRACE - Resolving type for handle ctfills2c6ftype
17:45:50.443 [main] TRACE - Resolving type for handle ctfill550ctype
17:45:50.451 [main] TRACE - Resolving type for handle ctborders0d66type
17:45:50.455 [main] TRACE - Resolving type for handle ctborderf935type
17:45:50.461 [main] TRACE - Resolving type for handle ctcellxfs1322type
17:45:50.466 [main] TRACE - Resolving type for handle ctxf97f7type
17:45:50.470 [main] TRACE - Resolving type for handle ctcellstylexfsa81ftype
17:45:50.475 [main] TRACE - Resolving type for handle ctdxfsb26atype
17:45:50.477 [main] TRACE - Resolving type for handle cttablestyles872ftype
17:45:50.484 [main] TRACE - Resolving type for handle sstf81fdoctype
17:45:50.489 [main] TRACE - Resolving type for handle ctsst44f3type
17:45:50.499 [main] TRACE - Resolving type for handle ctrsta472type
17:45:50.515 [main] DEBUG - using default POIXMLDocumentPart for http://schemas.openxmlformats.org/officeDocument/2006/relationships/printerSettings
17:45:50.516 [main] TRACE - Resolving type for handle workbookec17doctype
17:45:50.521 [main] TRACE - Resolving type for handle ctworkbook83c3type
17:45:50.527 [main] TRACE - Resolving type for handle ctsheets49fdtype
17:45:50.529 [main] TRACE - Resolving type for handle ctsheet4dbetype
17:45:50.531 [main] TRACE - Resolving type for handle strelationshipid1e94type
17:45:50.534 [main] TRACE - Resolving type for handle worksheetf539doctype
17:45:50.541 [main] TRACE - Resolving type for handle ctworksheet530dtype
17:45:50.552 [main] TRACE - Resolving type for handle ctcols627ctype
17:45:50.556 [main] TRACE - Resolving type for handle ctcola95ftype
17:45:50.579 [main] TRACE - Resolving type for handle ctsheetdata8408type
17:45:50.582 [main] TRACE - Resolving type for handle ctrowdd39type
17:45:50.586 [main] TRACE - Resolving type for handle ctcell842btype
17:45:50.595 [main] TRACE - Resolving type for handle stcellrefe4e0type
17:45:50.601 [main] TRACE - Resolving type for handle cthyperlinks6416type
17:45:50.604 [main] TRACE - Resolving type for handle cthyperlink0c85type
17:45:50.610 [main] TRACE - Resolving type for handle stxstringf179type
17:45:50.612 [main] TRACE - Resolving type for handle stcelltypebf95type
17:45:54.786 [main] INFO  - Goto my account-->Click on Login
17:45:55.398 [main] DEBUG - Parsing relationship: /xl/_rels/workbook.xml.rels
17:45:55.404 [main] DEBUG - Parsing relationship: /xl/worksheets/_rels/sheet1.xml.rels
17:45:55.409 [main] DEBUG - Parsing relationship: /_rels/.rels
17:45:55.479 [main] DEBUG - using default POIXMLDocumentPart for http://schemas.openxmlformats.org/officeDocument/2006/relationships/printerSettings
17:46:00.559 [main] INFO  - Goto my account-->Click on Login
17:46:01.194 [main] DEBUG - Parsing relationship: /xl/_rels/workbook.xml.rels
17:46:01.201 [main] DEBUG - Parsing relationship: /xl/worksheets/_rels/sheet1.xml.rels
17:46:01.202 [main] DEBUG - Parsing relationship: /_rels/.rels
17:46:01.254 [main] DEBUG - using default POIXMLDocumentPart for http://schemas.openxmlformats.org/officeDocument/2006/relationships/printerSettings
10:50:48.916 [main] INFO  - Goto my account-->Click on Login
10:50:49.270 [main] INFO  - Entering Email and Password
10:50:49.468 [main] INFO  - Clicked on login button
10:50:54.677 [main] INFO  - Goto my account-->Click on Login
10:50:55.232 [main] DEBUG - Parsing relationship: /xl/_rels/workbook.xml.rels
10:50:55.233 [main] DEBUG - Parsing relationship: /xl/worksheets/_rels/sheet1.xml.rels
10:50:55.234 [main] DEBUG - Parsing relationship: /_rels/.rels
10:50:55.355 [main] TRACE - Loading type system org.apache.poi.schemas.ooxml.system.ooxml
10:50:55.358 [main] TRACE - Loading type system org.apache.xmlbeans.metadata.system.sXMLCONFIG
10:50:55.359 [main] TRACE - Loading type system org.apache.xmlbeans.metadata.system.sXMLLANG
10:50:55.359 [main] TRACE - Loading type system org.apache.xmlbeans.metadata.system.sXMLSCHEMA
10:50:55.359 [main] TRACE - Loading type system org.apache.xmlbeans.metadata.system.sXMLTOOLS
10:50:55.360 [main] TRACE - Reading unresolved handles for type system org.apache.xmlbeans.metadata.system.sXMLTOOLS
10:50:55.368 [main] TRACE - Finished loading type system org.apache.xmlbeans.metadata.system.sXMLTOOLS
10:50:55.369 [main] TRACE - Reading unresolved handles for type system org.apache.xmlbeans.metadata.system.sXMLSCHEMA
10:50:55.373 [main] TRACE - Finished loading type system org.apache.xmlbeans.metadata.system.sXMLSCHEMA
10:50:55.374 [main] TRACE - Reading unresolved handles for type system org.apache.xmlbeans.metadata.system.sXMLLANG
10:50:55.375 [main] TRACE - Finished loading type system org.apache.xmlbeans.metadata.system.sXMLLANG
10:50:55.376 [main] TRACE - Reading unresolved handles for type system org.apache.xmlbeans.metadata.system.sXMLCONFIG
10:50:55.376 [main] TRACE - Finished loading type system org.apache.xmlbeans.metadata.system.sXMLCONFIG
10:50:55.377 [main] TRACE - Reading unresolved handles for type system org.apache.poi.schemas.ooxml.system.ooxml
10:50:55.423 [main] TRACE - Finished loading type system org.apache.poi.schemas.ooxml.system.ooxml
10:50:55.423 [main] TRACE - Resolving type for handle themefd26doctype
10:50:55.467 [main] TRACE - Resolving type for handle stylesheet5d8bdoctype
10:50:55.472 [main] TRACE - Resolving type for handle ctstylesheet4257type
10:50:55.475 [main] TRACE - Resolving type for handle ctfonts6623type
10:50:55.477 [main] TRACE - Resolving type for handle ctfont14d8type
10:50:55.481 [main] TRACE - Resolving type for handle ctfills2c6ftype
10:50:55.483 [main] TRACE - Resolving type for handle ctfill550ctype
10:50:55.484 [main] TRACE - Resolving type for handle ctborders0d66type
10:50:55.486 [main] TRACE - Resolving type for handle ctborderf935type
10:50:55.489 [main] TRACE - Resolving type for handle ctcellxfs1322type
10:50:55.491 [main] TRACE - Resolving type for handle ctxf97f7type
10:50:55.494 [main] TRACE - Resolving type for handle ctcellstylexfsa81ftype
10:50:55.500 [main] TRACE - Resolving type for handle ctdxfsb26atype
10:50:55.502 [main] TRACE - Resolving type for handle cttablestyles872ftype
10:50:55.505 [main] TRACE - Resolving type for handle sstf81fdoctype
10:50:55.509 [main] TRACE - Resolving type for handle ctsst44f3type
10:50:55.515 [main] TRACE - Resolving type for handle ctrsta472type
10:50:55.530 [main] DEBUG - using default POIXMLDocumentPart for http://schemas.openxmlformats.org/officeDocument/2006/relationships/printerSettings
10:50:55.531 [main] TRACE - Resolving type for handle workbookec17doctype
10:50:55.537 [main] TRACE - Resolving type for handle ctworkbook83c3type
10:50:55.541 [main] TRACE - Resolving type for handle ctsheets49fdtype
10:50:55.549 [main] TRACE - Resolving type for handle ctsheet4dbetype
10:50:55.551 [main] TRACE - Resolving type for handle strelationshipid1e94type
10:50:55.554 [main] TRACE - Resolving type for handle worksheetf539doctype
10:50:55.562 [main] TRACE - Resolving type for handle ctworksheet530dtype
10:50:55.569 [main] TRACE - Resolving type for handle ctcols627ctype
10:50:55.573 [main] TRACE - Resolving type for handle ctcola95ftype
10:50:55.591 [main] TRACE - Resolving type for handle ctsheetdata8408type
10:50:55.594 [main] TRACE - Resolving type for handle ctrowdd39type
10:50:55.597 [main] TRACE - Resolving type for handle ctcell842btype
10:50:55.601 [main] TRACE - Resolving type for handle stcellrefe4e0type
10:50:55.606 [main] TRACE - Resolving type for handle cthyperlinks6416type
10:50:55.609 [main] TRACE - Resolving type for handle cthyperlink0c85type
10:50:55.615 [main] TRACE - Resolving type for handle stxstringf179type
10:50:55.617 [main] TRACE - Resolving type for handle stcelltypebf95type
10:51:01.001 [main] INFO  - Goto my account-->Click on Login
10:51:01.377 [main] DEBUG - Parsing relationship: /xl/_rels/workbook.xml.rels
10:51:01.379 [main] DEBUG - Parsing relationship: /xl/worksheets/_rels/sheet1.xml.rels
10:51:01.380 [main] DEBUG - Parsing relationship: /_rels/.rels
10:51:01.402 [main] DEBUG - using default POIXMLDocumentPart for http://schemas.openxmlformats.org/officeDocument/2006/relationships/printerSettings
10:51:06.738 [main] INFO  - Goto my account-->Click on Login
10:51:07.162 [main] DEBUG - Parsing relationship: /xl/_rels/workbook.xml.rels
10:51:07.163 [main] DEBUG - Parsing relationship: /xl/worksheets/_rels/sheet1.xml.rels
10:51:07.164 [main] DEBUG - Parsing relationship: /_rels/.rels
10:51:07.175 [main] DEBUG - using default POIXMLDocumentPart for http://schemas.openxmlformats.org/officeDocument/2006/relationships/printerSettings
10:54:13.603 [main] INFO  - Goto my account-->Click on Login
10:54:13.974 [main] INFO  - Entering Email and Password
10:54:14.172 [main] INFO  - Clicked on login button
11:00:49.148 [main] INFO  - Goto my account-->Click on Login
11:00:49.593 [main] INFO  - Entering Email and Password
11:00:49.760 [main] INFO  - Clicked on login button
11:07:05.112 [main] INFO  - Goto my account-->Click on Login
11:07:05.495 [main] INFO  - Entering Email and Password
11:07:05.733 [main] INFO  - Clicked on login button
11:07:45.078 [main] INFO  - Goto my account-->Click on Login
11:07:45.519 [main] INFO  - Entering Email and Password
11:07:45.735 [main] INFO  - Clicked on login button
11:27:01.201 [main] INFO  - Goto my account-->Click on Login
11:27:01.562 [main] INFO  - Entering Email and Password
11:27:01.750 [main] INFO  - Clicked on login button
11:31:30.956 [main] INFO  - Goto my account-->Click on Login
11:31:31.319 [main] INFO  - Entering Email and Password
11:31:31.499 [main] INFO  - Clicked on login button
12:18:19.677 [main] INFO  - Goto my account-->Click on Login
12:18:19.821 [main] INFO  - Entering Email and Password
12:20:58.549 [main] INFO  - Goto my account-->Click on Login
12:20:58.932 [main] INFO  - Entering Email and Password
12:20:59.098 [main] INFO  - Clicked on login button
12:35:03.704 [main] INFO  - Goto my account-->Click on Login
12:35:04.079 [main] INFO  - Entering Email and Password
12:35:04.273 [main] INFO  - Clicked on login button
